-------------------------------------------------------------------------------
Test set: runners.TestRunner
-------------------------------------------------------------------------------
Tests run: 1, Failures: 1, Errors: 0, Skipped: 0, Time elapsed: 21.237 s <<< FAILURE! - in runners.TestRunner
runners.TestRunner.runScenario["User Login with valid user details and creates contact", "Optional[User Creates Contact in Salesforce Application]"](1)  Time elapsed: 14.923 s  <<< FAILURE!
java.lang.NullPointerException: Cannot invoke "org.openqa.selenium.WebDriver.get(String)" because "this.driver" is null

